2020-04-21 19:10:24,138 : INFO : main : <module> : Starting...
2020-04-21 19:10:24,147 : INFO : main : check_json : The file exists and is valid - words.json
2020-04-21 19:10:24,155 : INFO : main : check_json : The file exists and is valid - user.json
2020-04-21 19:10:24,470 : INFO : main : check_connection : Server connection valid
2020-04-21 19:10:24,472 : INFO : main : load_json : File load successfully - words.json
2020-04-21 19:10:24,473 : INFO : main : load_json : File load successfully - user.json
2020-04-21 19:10:24,647 : INFO : main : system_info : Debug data sent
2020-04-21 19:10:24,728 : INFO : main : check_update : No updates available - words.json
2020-04-21 19:10:24,829 : INFO : main : check_update : No updates available - user.json
2020-04-21 19:10:35,639 : INFO : main : <module> : Command registered - alexa
2020-04-21 19:10:35,787 : INFO : main : add_word : Word added to database successfully - alexa
2020-04-21 19:10:41,116 : INFO : main : active_agent : Command registered on active agent - pogoda
2020-04-21 19:10:41,117 : INFO : main : active_agent : ACTION 2 - weather
2020-04-21 19:10:41,122 : INFO : main : load_json : File load successfully - user.json
2020-04-21 19:10:41,359 : INFO : function : weather : Getting weather...
2020-04-21 19:10:41,375 : INFO : function : weather : Weather - Temperatura: 13.21 stopni Celsjusza, ciœnienie: 995 hektopaskali, wilgotnoœæ 31 procent.
2020-04-21 19:11:09,270 : INFO : main : <module> : Command registered - alexa
2020-04-21 19:11:09,414 : INFO : main : add_word : Word added to database successfully - alexa
2020-04-21 19:11:21,394 : INFO : main : <module> : Command registered - alexa
2020-04-21 19:11:21,538 : INFO : main : add_word : Word added to database successfully - alexa
2020-04-21 19:11:26,449 : INFO : main : active_agent : Command registered on active agent - w³¹cz siê
2020-04-21 19:11:28,451 : INFO : main : add_word : Word added to database successfully - alexa
2020-04-21 19:11:33,550 : INFO : main : <module> : Command registered - alexa
2020-04-21 19:11:33,705 : INFO : main : add_word : Word added to database successfully - alexa
2020-04-21 19:11:39,043 : INFO : main : active_agent : Command registered on active agent - wy³¹cz siê
2020-04-21 19:11:39,044 : INFO : main : active_agent : ACTION 1 - shutdown
2020-04-21 19:11:40,603 : INFO : main : add_word : Word added to database successfully - alexa
2020-04-21 19:11:40,604 : INFO : function : shutdown : Shutting down...
