2020-04-22 00:39:01,783 : INFO : main : <module> : Starting...
2020-04-22 00:39:01,786 : INFO : main : check_json : The file exists and is valid - words.json
2020-04-22 00:39:01,789 : INFO : main : check_json : The file exists and is valid - user.json
2020-04-22 00:39:01,901 : INFO : main : check_connection : Server connection valid
2020-04-22 00:39:01,903 : INFO : main : load_json : File load successfully - words.json
2020-04-22 00:39:01,904 : INFO : main : load_json : File load successfully - user.json
2020-04-22 00:39:02,054 : INFO : main : system_info : Debug data sent
2020-04-22 00:39:02,256 : INFO : main : check_update : No updates available - words.json
2020-04-22 00:39:02,371 : INFO : main : check_update : No updates available - user.json
2020-04-22 00:39:11,903 : INFO : main : <module> : Command registered - alexa
2020-04-22 00:39:12,062 : INFO : main : add_word : The word has been successfully sent to the database - alexa
2020-04-22 00:39:13,481 : INFO : main : active_status : Activity status changed correctly - Code 0
2020-04-22 00:39:19,347 : INFO : main : active_agent : Command registered on active agent - czy jestem m¹dry
2020-04-22 00:39:19,489 : INFO : main : add_word : The word has been successfully sent to the database - czy jestem m¹dry
2020-04-22 00:39:19,490 : INFO : main : active_agent : ACTION 2 - whether
2020-04-22 00:39:20,040 : INFO : function : whether : Downloading answers...
2020-04-22 00:39:20,040 : INFO : function : whether : Whether - nie
2020-04-22 00:39:36,097 : INFO : main : <module> : Command registered - alexa
2020-04-22 00:39:36,247 : INFO : main : add_word : The word has been successfully sent to the database - alexa
2020-04-22 00:39:37,681 : INFO : main : active_status : Activity status changed correctly - Code 0
2020-04-22 00:39:46,284 : INFO : main : active_agent : Command registered on active agent - czy na plus dwa równa siê 8
2020-04-22 00:39:46,428 : INFO : main : add_word : The word has been successfully sent to the database - czy na plus dwa równa siê 8
2020-04-22 00:39:46,429 : INFO : main : active_agent : ACTION 2 - whether
2020-04-22 00:39:46,797 : INFO : function : whether : Downloading answers...
2020-04-22 00:39:46,798 : INFO : function : whether : Whether - nie
2020-04-22 00:39:57,680 : INFO : main : <module> : Command registered - alexa
2020-04-22 00:39:57,814 : INFO : main : add_word : The word has been successfully sent to the database - alexa
2020-04-22 00:39:59,289 : INFO : main : active_status : Activity status changed correctly - Code 0
2020-04-22 00:40:08,795 : INFO : main : active_agent : Command registered on active agent - wy³¹cz siê
2020-04-22 00:40:08,938 : INFO : main : add_word : The word has been successfully sent to the database - wy³¹cz siê
2020-04-22 00:40:08,939 : INFO : main : active_agent : ACTION 1 - shutdown
2020-04-22 00:40:10,381 : INFO : function : shutdown : Shutting down...
